<?xml version="1.0" encoding="UTF-8"?>
<!-- Generated by org.testng.reporters.JUnitReportReporter -->
<testsuite skipped="0" hostname="KRISHNAs-Air" name="tests.TestClass" tests="2" failures="0" timestamp="2020-09-20T01:03:55 IST" time="2.510" errors="0">
  <testcase name="sampleTest" time="0.008" classname="tests.TestClass"/>
  <system-out/>
  <testcase name="test" time="2.502" classname="tests.TestClass"/>
  <system-out/>
</testsuite> <!-- tests.TestClass -->
