<?xml version="1.0" encoding="UTF-8"?>
<!-- Generated by org.testng.reporters.JUnitReportReporter -->
<testsuite skipped="0" hostname="KRISHNAs-Air" name="tests.BaseClass" tests="1" failures="0" timestamp="2020-09-19T23:54:29 IST" time="0.006" errors="0">
  <testcase name="sampleTest" time="0.006" classname="tests.BaseClass"/>
  <system-out/>
</testsuite> <!-- tests.BaseClass -->
